<?xml version="1.0" encoding="UTF-8"?>
<testsuite xmlns:xsi="http://www.w3.org/2001/XMLSchema-instance" xsi:noNamespaceSchemaLocation="https://maven.apache.org/surefire/maven-surefire-plugin/xsd/surefire-test-report.xsd" name="application.DatabaseTest" time="1.1" tests="8" errors="0" skipped="0" failures="5">
  <properties>
[...]
</properties>
  <testcase name="addingAddsDataToDatabase" classname="application.DatabaseTest" time="0.551">
    <failure message="The todos added in the user interface should end up in the database.&#10;The input was&#10;2&#10;3b5b&#10;e54c&#10;x&#10;&#10;Now the database was empty." type="java.lang.AssertionError">java.lang.AssertionError: 
The todos added in the user interface should end up in the database.
The input was
2
3b5b
e54c
x

Now the database was empty.
	at application.DatabaseTest.addingAddsDataToDatabase(DatabaseTest.java:162)
</failure>
  </testcase>
  <testcase name="dataIsNotListedUnlessRequested" classname="application.DatabaseTest" time="0.029"/>
  <testcase name="contentIsAddedToDatabase" classname="application.DatabaseTest" time="0.039"/>
  <testcase name="removeMultiple" classname="application.DatabaseTest" time="0.071">
    <failure message="When a todo is removed in the user interface, it should not be found in the database anymore." type="java.lang.AssertionError">java.lang.AssertionError: When a todo is removed in the user interface, it should not be found in the database anymore.
	at application.DatabaseTest.removeMultiple(DatabaseTest.java:275)
</failure>
  </testcase>
  <testcase name="markAsDoneMultiple" classname="application.DatabaseTest" time="0.113">
    <failure message="When a todo is marked as done in the user interface, it should also become done in the database." type="java.lang.AssertionError">java.lang.AssertionError: When a todo is marked as done in the user interface, it should also become done in the database.
	at application.DatabaseTest.markAsDoneMultiple(DatabaseTest.java:223)
</failure>
  </testcase>
  <testcase name="markAsDone" classname="application.DatabaseTest" time="0.057">
    <failure message="The changes made with the user interface should be reflected in the database.&#10;When the database contains the todo: Todo{id=1, name=exam, description=rehearse for the exam, done=false}&#10;And the input is:&#10;3&#10;1&#10;x&#10;&#10;The value of the done variable should be updated to true." type="java.lang.AssertionError">java.lang.AssertionError: 
The changes made with the user interface should be reflected in the database.
When the database contains the todo: Todo{id=1, name=exam, description=rehearse for the exam, done=false}
And the input is:
3
1
x

The value of the done variable should be updated to true.
	at application.DatabaseTest.markAsDone(DatabaseTest.java:194)
</failure>
  </testcase>
  <testcase name="contentsInDatabaseAreListedRandom" classname="application.DatabaseTest" time="0.035"/>
  <testcase name="removeOne" classname="application.DatabaseTest" time="0.043">
    <failure message="Removing a todo in the user interface should also remove said todo from the database.&#10;When the database contains the todo: Todo{id=1, name=exam, description=rehearse for the exam, done=false}&#10;And the input is:&#10;4&#10;1&#10;x&#10;&#10;There should be zero rows in the database after executing the program." type="java.lang.AssertionError">java.lang.AssertionError: 
Removing a todo in the user interface should also remove said todo from the database.
When the database contains the todo: Todo{id=1, name=exam, description=rehearse for the exam, done=false}
And the input is:
4
1
x

There should be zero rows in the database after executing the program.
	at application.DatabaseTest.removeOne(DatabaseTest.java:251)
</failure>
  </testcase>
</testsuite>