<?xml version="1.0" encoding="UTF-8" ?>
<testsuite tests="12" failures="0" name="AveragesTest" time="0.031" errors="0" skipped="0">
  <properties>
[...]
</properties>
  <testcase classname="AveragesTest" name="printsInUserInterface1" time="0.012"/>
  <testcase classname="AveragesTest" name="printsInUserInterface2" time="0"/>
  <testcase classname="AveragesTest" name="averageOfGradesOfEmptyRegisterReturnsMinusOne" time="0.019"/>
  <testcase classname="AveragesTest" name="averageOfPoints1" time="0"/>
  <testcase classname="AveragesTest" name="averageOfPoints2" time="0"/>
  <testcase classname="AveragesTest" name="averageOfPoints3" time="0"/>
  <testcase classname="AveragesTest" name="averageOfGrades1" time="0"/>
  <testcase classname="AveragesTest" name="averageOfGrades2" time="0"/>
  <testcase classname="AveragesTest" name="averageOfGrades3" time="0"/>
  <testcase classname="AveragesTest" name="averageOfPointsOfEmptyRegisterReturnsMinusOne" time="0"/>
  <testcase classname="AveragesTest" name="methodAverageOfGradesExists" time="0"/>
  <testcase classname="AveragesTest" name="methodAverageOfPointsExists" time="0"/>
</testsuite>